<?xml version="1.0" encoding="UTF-8"?>
<!-- Generated by org.testng.reporters.JUnitReportReporter -->
<testsuite hostname="DESKTOP-61KOCTR" failures="0" tests="2" name="curdOperaationWithoutBDDapproach.AddProjectTest" time="3.121" errors="0" timestamp="2022-11-04T17:46:33 IST" skipped="1">
  <testcase classname="curdOperaationWithoutBDDapproach.AddProjectTest" name="addProjectTest" time="3.121"/>
  <system-out/>
  <testcase classname="curdOperaationWithoutBDDapproach.AddProjectTest" name="putProject">
    <skipped/>
  </testcase> <!-- putProject -->
  <system-out/>
</testsuite> <!-- curdOperaationWithoutBDDapproach.AddProjectTest -->
