<?xml version="1.0" encoding="UTF-8"?>
<!-- Generated by org.testng.reporters.JUnitReportReporter -->
<testsuite hostname="DESKTOP-61KOCTR" failures="0" tests="1" name="barrierTokens.auth2" time="4.336" errors="0" timestamp="2022-11-11T13:36:52 IST" skipped="0">
  <testcase classname="barrierTokens.auth2" name="authTest" time="4.336"/>
  <system-out/>
</testsuite> <!-- barrierTokens.auth2 -->
