<?xml version="1.0" encoding="UTF-8"?>
<!-- Generated by org.testng.reporters.JUnitReportReporter -->
<testsuite hostname="DESKTOP-61KOCTR" failures="0" tests="1" name="curdWithBDD.GetAllProjects" time="3.376" errors="0" timestamp="2022-11-08T11:17:43 IST" skipped="0">
  <testcase classname="curdWithBDD.GetAllProjects" name="addproject" time="3.376"/>
  <system-out/>
</testsuite> <!-- curdWithBDD.GetAllProjects -->
