<?xml version="1.0" encoding="UTF-8"?>
<!-- Generated by org.testng.reporters.JUnitReportReporter -->
<testsuite hostname="DESKTOP-61KOCTR" failures="0" tests="1" name="curdWithBDD.PatchUpdate" time="3.231" errors="0" timestamp="2022-11-08T11:12:16 IST" skipped="0">
  <testcase classname="curdWithBDD.PatchUpdate" name="patchupdateprojects" time="3.231"/>
  <system-out/>
</testsuite> <!-- curdWithBDD.PatchUpdate -->
