<?xml version="1.0" encoding="UTF-8"?>
<!-- Generated by org.testng.reporters.JUnitReportReporter -->
<testsuite hostname="DESKTOP-61KOCTR" failures="0" tests="1" name="curdWithBDD.GetProjectRespo" time="3.660" errors="0" timestamp="2022-11-09T16:47:32 IST" skipped="0">
  <testcase classname="curdWithBDD.GetProjectRespo" name="addproject" time="3.660"/>
  <system-out/>
</testsuite> <!-- curdWithBDD.GetProjectRespo -->
