<?xml version="1.0" encoding="UTF-8"?>
<!-- Generated by org.testng.reporters.JUnitReportReporter -->
<testsuite hostname="DESKTOP-61KOCTR" failures="0" tests="1" name="pojoClassforParse.SerilisationOfEmployeeDetails" time="0.429" errors="0" timestamp="3 Nov 2022 10:04:50 GMT">
  <testcase classname="pojoClassforParse.SerilisationOfEmployeeDetails" name="employmentdet" time="0.429"/>
</testsuite> <!-- pojoClassforParse.SerilisationOfEmployeeDetails -->
