<?xml version="1.0" encoding="UTF-8"?>
<!-- Generated by org.testng.reporters.JUnitReportReporter -->
<testsuite hostname="DESKTOP-61KOCTR" failures="0" tests="1" name="validation.StaticResponseVal" time="4.590" errors="0" timestamp="2022-11-09T17:39:03 IST" skipped="0">
  <testcase classname="validation.StaticResponseVal" name="staticrespon" time="4.590"/>
  <system-out/>
</testsuite> <!-- validation.StaticResponseVal -->
