<?xml version="1.0" encoding="UTF-8"?>
<!-- Generated by org.testng.reporters.JUnitReportReporter -->
<testsuite hostname="DESKTOP-61KOCTR" failures="0" tests="1" name="parameters.PathParameters" time="2.684" errors="0" timestamp="2022-11-09T11:33:36 IST" skipped="0">
  <testcase classname="parameters.PathParameters" name="para" time="2.684"/>
  <system-out/>
</testsuite> <!-- parameters.PathParameters -->
