<?xml version="1.0" encoding="UTF-8"?>
<!-- Generated by org.testng.reporters.JUnitReportReporter -->
<testsuite hostname="DESKTOP-61KOCTR" failures="0" tests="1" name="differentWaysToPostTheRequest.PostWithJson" time="3.115" errors="0" timestamp="2022-11-09T16:00:26 IST" skipped="0">
  <testcase classname="differentWaysToPostTheRequest.PostWithJson" name="file" time="3.115"/>
  <system-out/>
</testsuite> <!-- differentWaysToPostTheRequest.PostWithJson -->
