<?xml version="1.0" encoding="UTF-8"?>
<!-- Generated by org.testng.reporters.JUnitReportReporter -->
<testsuite hostname="DESKTOP-61KOCTR" failures="0" tests="1" name="endtoendScenario.CreateProjectAndVerifyInDataBase" time="3.035" errors="0" timestamp="2022-11-15T16:04:08 IST" skipped="0">
  <testcase classname="endtoendScenario.CreateProjectAndVerifyInDataBase" name="creatproject" time="3.035"/>
  <system-out/>
</testsuite> <!-- endtoendScenario.CreateProjectAndVerifyInDataBase -->
