<?xml version="1.0" encoding="UTF-8"?>
<!-- Generated by org.testng.reporters.JUnitReportReporter -->
<testsuite hostname="DESKTOP-61KOCTR" failures="0" tests="2" name="dataProvider.DataProviderr" time="3.313" errors="0" timestamp="2022-11-10T11:01:02 IST" skipped="0">
  <testcase classname="dataProvider.DataProviderr" name="datatest" time="3.222"/>
  <system-out/>
  <testcase classname="dataProvider.DataProviderr" name="datatest" time="0.091"/>
  <system-out/>
</testsuite> <!-- dataProvider.DataProviderr -->
