<?xml version="1.0" encoding="UTF-8"?>
<!-- Generated by org.testng.reporters.JUnitReportReporter -->
<testsuite hostname="DESKTOP-61KOCTR" failures="0" tests="1" name="validation.DynamicVal" time="0.048" errors="1" timestamp="2022-11-10T06:32:53 IST" skipped="0">
  <testcase classname="validation.DynamicVal" name="dynamicValidate" time="0.048">
    <error message="Method validation.DynamicVal.dynamicValidate() didn&#039;t finish within the time-out 10" type="org.testng.internal.thread.ThreadTimeoutException">
      <![CDATA[org.testng.internal.thread.ThreadTimeoutException: Method validation.DynamicVal.dynamicValidate() didn't finish within the time-out 10
at java.base@18.0.1/java.lang.Class.initClassName(Native Method)
at java.base@18.0.1/java.lang.Class.getName(Class.java:895)
at java.base@18.0.1/java.lang.Class.getPackageName(Class.java:1114)
at java.base@18.0.1/java.lang.ClassLoader.postDefineClass(ClassLoader.java:920)
at java.base@18.0.1/java.lang.ClassLoader.defineClass(ClassLoader.java:1014)
at java.base@18.0.1/java.security.SecureClassLoader.defineClass(SecureClassLoader.java:150)
at java.base@18.0.1/jdk.internal.loader.BuiltinClassLoader.defineClass(BuiltinClassLoader.java:862)
at java.base@18.0.1/jdk.internal.loader.BuiltinClassLoader.findClassOnClassPathOrNull(BuiltinClassLoader.java:760)
at java.base@18.0.1/jdk.internal.loader.BuiltinClassLoader.loadClassOrNull(BuiltinClassLoader.java:681)
at java.base@18.0.1/jdk.internal.loader.BuiltinClassLoader.loadClass(BuiltinClassLoader.java:639)
at java.base@18.0.1/jdk.internal.loader.ClassLoaders$AppClassLoader.loadClass(ClassLoaders.java:188)
at java.base@18.0.1/java.lang.ClassLoader.loadClass(ClassLoader.java:521)
at app//io.restassured.authentication.NoAuthScheme.$getStaticMetaClass(NoAuthScheme.groovy)
at app//io.restassured.authentication.NoAuthScheme.<init>(NoAuthScheme.groovy)
at app//io.restassured.RestAssured.<clinit>(RestAssured.java:355)
at app//validation.DynamicVal.dynamicValidate(DynamicVal.java:17)
at java.base@18.0.1/java.lang.invoke.LambdaForm$DMH/0x0000000100191800.invokeVirtual(LambdaForm$DMH)
at java.base@18.0.1/java.lang.invoke.LambdaForm$MH/0x0000000100192000.invoke(LambdaForm$MH)
at java.base@18.0.1/java.lang.invoke.Invokers$Holder.invokeExact_MT(Invokers$Holder)
at java.base@18.0.1/jdk.internal.reflect.DirectMethodHandleAccessor.invokeImpl(DirectMethodHandleAccessor.java:154)
at java.base@18.0.1/jdk.internal.reflect.DirectMethodHandleAccessor.invoke(DirectMethodHandleAccessor.java:104)
at java.base@18.0.1/java.lang.reflect.Method.invoke(Method.java:577)
at app//org.testng.internal.invokers.MethodInvocationHelper.invokeMethod(MethodInvocationHelper.java:139)
at app//org.testng.internal.invokers.InvokeMethodRunnable.runOne(InvokeMethodRunnable.java:47)
at app//org.testng.internal.invokers.InvokeMethodRunnable.call(InvokeMethodRunnable.java:76)
at app//org.testng.internal.invokers.InvokeMethodRunnable.call(InvokeMethodRunnable.java:11)
at java.base@18.0.1/java.util.concurrent.FutureTask.run(FutureTask.java:264)
at java.base@18.0.1/java.util.concurrent.ThreadPoolExecutor.runWorker(ThreadPoolExecutor.java:1136)
at java.base@18.0.1/java.util.concurrent.ThreadPoolExecutor$Worker.run(ThreadPoolExecutor.java:635)
at java.base@18.0.1/java.lang.Thread.run(Thread.java:833)
]]>
    </error>
  </testcase> <!-- dynamicValidate -->
  <system-out/>
</testsuite> <!-- validation.DynamicVal -->
