<?xml version="1.0" encoding="UTF-8"?>
<!-- Generated by org.testng.reporters.JUnitReportReporter -->
<testsuite hostname="DESKTOP-61KOCTR" failures="0" tests="1" name="endtoendScenario.CreatEUpdateAndValidate" time="3.013" errors="0" timestamp="2022-11-16T10:32:11 IST" skipped="0">
  <testcase classname="endtoendScenario.CreatEUpdateAndValidate" name="AddAndDelete" time="3.013"/>
  <system-out/>
</testsuite> <!-- endtoendScenario.CreatEUpdateAndValidate -->
