<?xml version="1.0" encoding="UTF-8"?>
<!-- Generated by org.testng.reporters.JUnitReportReporter -->
<testsuite hostname="DESKTOP-61KOCTR" failures="0" tests="1" name="parameters.PathParametersPost" time="3.237" errors="0" timestamp="2022-11-09T11:55:44 IST" skipped="0">
  <testcase classname="parameters.PathParametersPost" name="pathPost" time="3.237"/>
  <system-out/>
</testsuite> <!-- parameters.PathParametersPost -->
