<?xml version="1.0" encoding="UTF-8"?>
<!-- Generated by org.testng.reporters.JUnitReportReporter -->
<testsuite hostname="DESKTOP-61KOCTR" failures="0" tests="1" name="seralisationAndDrseralisation.DeserailisationArray" time="0.402" errors="0" timestamp="2022-11-09T12:12:36 IST" skipped="0">
  <testcase classname="seralisationAndDrseralisation.DeserailisationArray" name="jasontojavaarray" time="0.402"/>
  <system-out/>
</testsuite> <!-- seralisationAndDrseralisation.DeserailisationArray -->
