<?xml version="1.0" encoding="UTF-8"?>
<!-- Generated by org.testng.reporters.JUnitReportReporter -->
<testsuite hostname="DESKTOP-61KOCTR" failures="0" tests="1" name="parameters.PathUpdate" time="3.881" errors="0" timestamp="2022-11-11T17:32:47 IST" skipped="0">
  <testcase classname="parameters.PathUpdate" name="pathPatchUpdates" time="3.881"/>
  <system-out/>
</testsuite> <!-- parameters.PathUpdate -->
