<?xml version="1.0" encoding="UTF-8"?>
<!-- Generated by org.testng.reporters.JUnitReportReporter -->
<testsuite hostname="DESKTOP-61KOCTR" failures="0" tests="1" name="curdWithBDD.UpdateProject" time="3.170" errors="0" timestamp="2022-11-09T15:29:28 IST" skipped="0">
  <testcase classname="curdWithBDD.UpdateProject" name="updateprojects" time="3.170"/>
  <system-out/>
</testsuite> <!-- curdWithBDD.UpdateProject -->
