<?xml version="1.0" encoding="UTF-8"?>
<!-- Generated by org.testng.reporters.JUnitReportReporter -->
<testsuite hostname="DESKTOP-61KOCTR" failures="0" tests="1" name="pojoClassforParse.SeralisationOfEmployeeWithSpouse" time="0.342" errors="0" timestamp="3 Nov 2022 11:07:54 GMT">
  <testcase classname="pojoClassforParse.SeralisationOfEmployeeWithSpouse" name="empwithspouse" time="0.342"/>
</testsuite> <!-- pojoClassforParse.SeralisationOfEmployeeWithSpouse -->
