<?xml version="1.0" encoding="UTF-8"?>
<!-- Generated by org.testng.reporters.JUnitReportReporter -->
<testsuite hostname="DESKTOP-61KOCTR" failures="0" tests="1" name="endtoendScenario.AndAndDeleteAndValidate" time="3.042" errors="0" timestamp="2022-11-15T16:47:31 IST" skipped="0">
  <testcase classname="endtoendScenario.AndAndDeleteAndValidate" name="AddAndDelete" time="3.042"/>
  <system-out/>
</testsuite> <!-- endtoendScenario.AndAndDeleteAndValidate -->
