<?xml version="1.0" encoding="UTF-8"?>
<!-- Generated by org.testng.reporters.JUnitReportReporter -->
<testsuite hostname="DESKTOP-61KOCTR" failures="0" tests="1" name="seralisationAndDrseralisation.DesralistaionEmp" time="0.362" errors="0" timestamp="2022-11-09T12:16:58 IST" skipped="0">
  <testcase classname="seralisationAndDrseralisation.DesralistaionEmp" name="jasontojavaarray" time="0.362"/>
  <system-out/>
</testsuite> <!-- seralisationAndDrseralisation.DesralistaionEmp -->
