<?xml version="1.0" encoding="UTF-8"?>
<!-- Generated by org.testng.reporters.JUnitReportReporter -->
<testsuite hostname="DESKTOP-61KOCTR" failures="0" tests="1" name="parameters.QueryParam" time="5.082" errors="0" timestamp="2022-11-09T16:23:08 IST" skipped="0">
  <testcase classname="parameters.QueryParam" name="query" time="5.082"/>
  <system-out/>
</testsuite> <!-- parameters.QueryParam -->
