<?xml version="1.0" encoding="UTF-8"?>
<!-- Generated by org.testng.reporters.JUnitReportReporter -->
<testsuite hostname="DESKTOP-61KOCTR" failures="0" tests="1" name="pojoClassforParse.SerilisationOFEmplloyeewirhArray" time="0.379" errors="0" timestamp="3 Nov 2022 10:23:03 GMT">
  <testcase classname="pojoClassforParse.SerilisationOFEmplloyeewirhArray" name="emparray" time="0.379"/>
</testsuite> <!-- pojoClassforParse.SerilisationOFEmplloyeewirhArray -->
