<?xml version="1.0" encoding="UTF-8"?>
<!-- Generated by org.testng.reporters.JUnitReportReporter -->
<testsuite hostname="DESKTOP-61KOCTR" failures="0" tests="1" name="pojoClassforParse.Deseralisation" time="0.386" errors="0" timestamp="3 Nov 2022 11:25:22 GMT">
  <testcase classname="pojoClassforParse.Deseralisation" name="jasontojava" time="0.386"/>
</testsuite> <!-- pojoClassforParse.Deseralisation -->
