<?xml version="1.0" encoding="UTF-8"?>
<!-- Generated by org.testng.reporters.JUnitReportReporter -->
<testsuite hostname="DESKTOP-61KOCTR" failures="0" tests="1" name="seralisationAndDrseralisation.SerilisationOFEmplloyeewirhArray" time="0.374" errors="0" timestamp="2022-11-09T13:00:05 IST" skipped="0">
  <testcase classname="seralisationAndDrseralisation.SerilisationOFEmplloyeewirhArray" name="emparray" time="0.374"/>
  <system-out/>
</testsuite> <!-- seralisationAndDrseralisation.SerilisationOFEmplloyeewirhArray -->
