<?xml version="1.0" encoding="UTF-8"?>
<!-- Generated by org.testng.reporters.JUnitReportReporter -->
<testsuite hostname="DESKTOP-61KOCTR" failures="0" tests="1" name="curdWithBDD.putproject" time="3.108" errors="0" timestamp="2022-11-09T10:52:18 IST" skipped="0">
  <testcase classname="curdWithBDD.putproject" name="addproject" time="3.108"/>
  <system-out/>
</testsuite> <!-- curdWithBDD.putproject -->
