<?xml version="1.0" encoding="UTF-8"?>
<!-- Generated by org.testng.reporters.JUnitReportReporter -->
<testsuite hostname="DESKTOP-61KOCTR" failures="0" tests="1" name="barrierTokens.BarrierTokens" time="5.792" errors="0" timestamp="2022-11-11T11:34:49 IST" skipped="0">
  <testcase classname="barrierTokens.BarrierTokens" name="bearerToken" time="5.792"/>
  <system-out/>
</testsuite> <!-- barrierTokens.BarrierTokens -->
