<?xml version="1.0" encoding="UTF-8"?>
<!-- Generated by org.testng.reporters.JUnitReportReporter -->
<testsuite hostname="DESKTOP-61KOCTR" failures="0" tests="1" name="differentWaysToPostTheRequest.PostWithPojo" time="3.782" errors="0" timestamp="2022-11-09T16:41:42 IST" skipped="0">
  <testcase classname="differentWaysToPostTheRequest.PostWithPojo" name="postpojo" time="3.782"/>
  <system-out/>
</testsuite> <!-- differentWaysToPostTheRequest.PostWithPojo -->
