<?xml version="1.0" encoding="UTF-8"?>
<!-- Generated by org.testng.reporters.JUnitReportReporter -->
<testsuite hostname="DESKTOP-61KOCTR" failures="0" tests="1" name="seralisationAndDrseralisation.Deseralisation" time="0.395" errors="0" timestamp="2022-11-09T12:08:23 IST" skipped="0">
  <testcase classname="seralisationAndDrseralisation.Deseralisation" name="jasontojava" time="0.395"/>
  <system-out/>
</testsuite> <!-- seralisationAndDrseralisation.Deseralisation -->
