<?xml version="1.0" encoding="UTF-8"?>
<!-- Generated by org.testng.reporters.JUnitReportReporter -->
<testsuite hostname="DESKTOP-61KOCTR" failures="0" tests="1" name="barrierTokens.Auth2new" time="5.085" errors="0" timestamp="2022-11-11T15:26:48 IST" skipped="0">
  <testcase classname="barrierTokens.Auth2new" name="authTest" time="5.085"/>
  <system-out/>
</testsuite> <!-- barrierTokens.Auth2new -->
